# ELBREAD: Elaboration process.
# ELBREAD: Elaboration time 0.0 [s].
asim -advdataflow  alu_black_box alu_black_box_architecture
# ELBREAD: Elaboration process.
# ELBREAD: Elaboration time 0.0 [s].
# asim: Stack memory: 32MB
# asim: Retval memory: 32MB
# KERNEL: Main thread initiated.
# KERNEL: Kernel process initialization phase.
# KERNEL: Time resolution set to 1ps.
# ELAB2: Elaboration final pass...
# ELAB2: Create instances ...
# ELAB2: Fatal Error: ELAB2_0056 alu.mux_output(mux_output_architecture): string value length (8) not compatible with expected (18).
# ELAB2: Last instance before error: /
# KERNEL: Error: E8005 : Kernel process initialization failed.
# Fatal error occurred during simulation initialization.
acom $DSN/src/ALU_BLACK_BOX.vhd
# Compile...
# File: d:\Programs\AHDLMyDesigns\ProiectPSN\ALU\src\ALU_BLACK_BOX.vhd
# Compile Entity "ALU_BLACK_BOX"
# Entity `ALU_BLACK_BOX' has been skipped - no difference detected.
# Compile Architecture "ALU_BLACK_BOX_ARCHITECTURE" of Entity "ALU_BLACK_BOX"
# Compile success 0 Errors 0 Warnings  Analysis time :  0.5 [s]
acom $DSN/src/MUX_IESIRE.vhd
# Compile...
# File: d:\Programs\AHDLMyDesigns\ProiectPSN\ALU\src\MUX_IESIRE.vhd
# Compile Entity "MUX_OUTPUT"
# Entity `MUX_OUTPUT' has been skipped - no difference detected.
# Compile Architecture "MUX_OUTPUT_ARCHITECTURE" of Entity "MUX_OUTPUT"
# Compile success 0 Errors 0 Warnings  Analysis time :  0.2 [s]
# ELBREAD: Elaboration process.
# ELBREAD: Elaboration time 0.0 [s].
asim -advdataflow  mux_output mux_output_architecture
# ELBREAD: Elaboration process.
# ELBREAD: Elaboration time 0.0 [s].
# asim: Stack memory: 32MB
# asim: Retval memory: 32MB
# KERNEL: Main thread initiated.
# KERNEL: Kernel process initialization phase.
# KERNEL: Time resolution set to 1ps.
# ELAB2: Elaboration final pass...
# ELAB2: Create instances ...
# ELAB2: Create instances complete.
# ELAB2: Elaboration final pass complete - time: 0.0 [s].
# KERNEL: Kernel process initialization done.
# Allocation: Simulator allocated 2418 kB (elbread=1070 elab2=300 kernel=1048 sdf=0)
# 4:49 PM, Sunday, April 29, 2018
# Simulation has been initialized
# Selected Top-Level: mux_output (mux_output_architecture)
endsim
# All when statements cleared.
# Simulation has been stopped
acom $DSN/src/ALU_BLACK_BOX.vhd
# Compile...
# File: d:\Programs\AHDLMyDesigns\ProiectPSN\ALU\src\ALU_BLACK_BOX.vhd
# Compile Entity "ALU_BLACK_BOX"
# Entity `ALU_BLACK_BOX' has been skipped - no difference detected.
# Compile Architecture "ALU_BLACK_BOX_ARCHITECTURE" of Entity "ALU_BLACK_BOX"
# Compile success 0 Errors 0 Warnings  Analysis time :  0.5 [s]
asim -advdataflow  mux_output mux_output_architecture
# ELBREAD: Elaboration process.
# ELBREAD: Elaboration time 0.0 [s].
# asim: Stack memory: 32MB
# asim: Retval memory: 32MB
# KERNEL: Main thread initiated.
# KERNEL: Kernel process initialization phase.
# KERNEL: Time resolution set to 1ps.
# ELAB2: Elaboration final pass...
# ELAB2: Create instances ...
# ELAB2: Create instances complete.
# ELAB2: Elaboration final pass complete - time: 0.1 [s].
# KERNEL: Kernel process initialization done.
# Allocation: Simulator allocated 2418 kB (elbread=1070 elab2=300 kernel=1048 sdf=0)
# 4:51 PM, Sunday, April 29, 2018
# Simulation has been initialized
# Selected Top-Level: mux_output (mux_output_architecture)
# Simulation has been stopped
# Design: Design "MICROCONTROLLER" has been set as active.
# ELBREAD: Elaboration process.
# ELBREAD: Elaboration time 0.0 [s].
