elbread.dll ver. 1.0.5.365 Sun Apr 29 17:21:34 2018


-------------------------------------------------------------------------------------
Entity                     | Architecture                           | Library      
-------------------------------------------------------------------------------------
microcontroller_black_box  | microcontroller_black_box_architecture | MICROCONTROLLER
alu_black_box              | alu_black_box_architecture             | alu
registers_black_box        | registers_black_box_architecture       | registers
decoder_black_box          | decoder_black_box_architecture         | decorder
mux_input                  | mux_input_architecture                 | alu
add                        | add_architecture                       | alu
addcy                      | addcy_architecture                     | alu
andd                       | andd_architecture                      | alu
orr                        | orr_architecture                       | alu
sub                        | sub_architecture                       | alu
subcy                      | subcy_architecture                     | alu
xorr                       | xorr_architecture                      | alu
sr0                        | sr0_architecture                       | alu
sr1                        | sr1_architecture                       | alu
srx                        | srx_architecture                       | alu
sraa                       | sraa_architecture                      | alu
rr                         | rr_architecture                        | alu
sl0                        | sl0_architecture                       | alu
sl1                        | sl1_architecture                       | alu
slx                        | slx_architecture                       | alu
slaa                       | slaa_architecture                      | alu
rl                         | rl_architecture                        | alu
load                       | load_architecture                      | alu
mux_output                 | mux_output_architecture                | alu
-------------------------------------------------------------------------------------

-------------------------------
Package             | Library
-------------------------------
standard            | std
std_logic_1164      | ieee
std_logic_arith     | ieee
numeric_std         | ieee
types               | registers
std_logic_unsigned  | ieee
types               | alu
-------------------------------
